{"/home/travis/build/vandbt/typescript-datastructure/src/index.ts": {"path":"/home/travis/build/vandbt/typescript-datastructure/src/index.ts","statementMap":{"0":{"start":{"line":3,"column":4},"end":{"line":3,"column":71}},"1":{"start":{"line":3,"column":21},"end":{"line":3,"column":71}},"2":{"start":{"line":3,"column":53},"end":{"line":3,"column":71}},"3":{"start":{"line":5,"column":0},"end":{"line":5,"column":62}},"4":{"start":{"line":6,"column":0},"end":{"line":6,"column":33}},"5":{"start":{"line":7,"column":0},"end":{"line":7,"column":29}}},"fnMap":{"0":{"name":"__export","decl":{"start":{"line":2,"column":9},"end":{"line":2,"column":17}},"loc":{"start":{"line":2,"column":21},"end":{"line":4,"column":1}},"line":2}},"branchMap":{"0":{"loc":{"start":{"line":3,"column":21},"end":{"line":3,"column":71}},"type":"if","locations":[{"start":{"line":3,"column":21},"end":{"line":3,"column":71}},{"start":{"line":3,"column":21},"end":{"line":3,"column":71}}],"line":3}},"s":{"0":0,"1":0,"2":0,"3":0,"4":0,"5":0},"f":{"0":0},"b":{"0":[0,0]}}
,"/home/travis/build/vandbt/typescript-datastructure/src/datastore/index.spec.ts": {"path":"/home/travis/build/vandbt/typescript-datastructure/src/datastore/index.spec.ts","statementMap":{"0":{"start":{"line":1,"column":0},"end":{"line":1,"column":31}},"1":{"start":{"line":2,"column":0},"end":{"line":2,"column":29}},"2":{"start":{"line":4,"column":0},"end":{"line":4,"column":15}},"3":{"start":{"line":6,"column":0},"end":{"line":166,"column":3}},"4":{"start":{"line":8,"column":4},"end":{"line":14,"column":7}},"5":{"start":{"line":9,"column":8},"end":{"line":13,"column":11}},"6":{"start":{"line":10,"column":23},"end":{"line":10,"column":46}},"7":{"start":{"line":12,"column":12},"end":{"line":12,"column":60}},"8":{"start":{"line":16,"column":4},"end":{"line":38,"column":7}},"9":{"start":{"line":19,"column":8},"end":{"line":21,"column":11}},"10":{"start":{"line":20,"column":12},"end":{"line":20,"column":43}},"11":{"start":{"line":23,"column":8},"end":{"line":27,"column":11}},"12":{"start":{"line":24,"column":12},"end":{"line":24,"column":24}},"13":{"start":{"line":26,"column":12},"end":{"line":26,"column":51}},"14":{"start":{"line":29,"column":8},"end":{"line":33,"column":11}},"15":{"start":{"line":30,"column":12},"end":{"line":30,"column":24}},"16":{"start":{"line":32,"column":12},"end":{"line":32,"column":51}},"17":{"start":{"line":35,"column":8},"end":{"line":37,"column":11}},"18":{"start":{"line":36,"column":12},"end":{"line":36,"column":58}},"19":{"start":{"line":36,"column":25},"end":{"line":36,"column":45}},"20":{"start":{"line":41,"column":4},"end":{"line":77,"column":7}},"21":{"start":{"line":44,"column":8},"end":{"line":46,"column":11}},"22":{"start":{"line":45,"column":12},"end":{"line":45,"column":43}},"23":{"start":{"line":48,"column":8},"end":{"line":52,"column":11}},"24":{"start":{"line":49,"column":12},"end":{"line":49,"column":30}},"25":{"start":{"line":51,"column":12},"end":{"line":51,"column":51}},"26":{"start":{"line":54,"column":8},"end":{"line":58,"column":11}},"27":{"start":{"line":55,"column":12},"end":{"line":55,"column":30}},"28":{"start":{"line":57,"column":12},"end":{"line":57,"column":51}},"29":{"start":{"line":60,"column":8},"end":{"line":63,"column":11}},"30":{"start":{"line":61,"column":12},"end":{"line":61,"column":32}},"31":{"start":{"line":62,"column":12},"end":{"line":62,"column":53}},"32":{"start":{"line":65,"column":8},"end":{"line":68,"column":11}},"33":{"start":{"line":66,"column":12},"end":{"line":66,"column":32}},"34":{"start":{"line":67,"column":12},"end":{"line":67,"column":53}},"35":{"start":{"line":70,"column":8},"end":{"line":72,"column":11}},"36":{"start":{"line":71,"column":12},"end":{"line":71,"column":47}},"37":{"start":{"line":74,"column":8},"end":{"line":76,"column":11}},"38":{"start":{"line":75,"column":12},"end":{"line":75,"column":58}},"39":{"start":{"line":75,"column":25},"end":{"line":75,"column":45}},"40":{"start":{"line":82,"column":4},"end":{"line":114,"column":7}},"41":{"start":{"line":85,"column":8},"end":{"line":98,"column":11}},"42":{"start":{"line":86,"column":12},"end":{"line":86,"column":43}},"43":{"start":{"line":87,"column":12},"end":{"line":87,"column":30}},"44":{"start":{"line":88,"column":12},"end":{"line":88,"column":30}},"45":{"start":{"line":89,"column":12},"end":{"line":89,"column":30}},"46":{"start":{"line":90,"column":12},"end":{"line":90,"column":30}},"47":{"start":{"line":91,"column":12},"end":{"line":91,"column":30}},"48":{"start":{"line":92,"column":12},"end":{"line":92,"column":30}},"49":{"start":{"line":93,"column":12},"end":{"line":93,"column":30}},"50":{"start":{"line":94,"column":12},"end":{"line":94,"column":30}},"51":{"start":{"line":95,"column":12},"end":{"line":95,"column":30}},"52":{"start":{"line":96,"column":12},"end":{"line":96,"column":30}},"53":{"start":{"line":100,"column":8},"end":{"line":105,"column":11}},"54":{"start":{"line":102,"column":12},"end":{"line":102,"column":27}},"55":{"start":{"line":103,"column":12},"end":{"line":103,"column":46}},"56":{"start":{"line":104,"column":12},"end":{"line":104,"column":19}},"57":{"start":{"line":107,"column":8},"end":{"line":112,"column":11}},"58":{"start":{"line":108,"column":12},"end":{"line":108,"column":27}},"59":{"start":{"line":110,"column":12},"end":{"line":110,"column":46}},"60":{"start":{"line":111,"column":12},"end":{"line":111,"column":19}},"61":{"start":{"line":117,"column":4},"end":{"line":134,"column":7}},"62":{"start":{"line":120,"column":8},"end":{"line":123,"column":11}},"63":{"start":{"line":121,"column":12},"end":{"line":121,"column":43}},"64":{"start":{"line":122,"column":12},"end":{"line":122,"column":29}},"65":{"start":{"line":125,"column":8},"end":{"line":127,"column":11}},"66":{"start":{"line":126,"column":12},"end":{"line":126,"column":51}},"67":{"start":{"line":129,"column":8},"end":{"line":132,"column":11}},"68":{"start":{"line":130,"column":12},"end":{"line":130,"column":27}},"69":{"start":{"line":131,"column":12},"end":{"line":131,"column":50}},"70":{"start":{"line":136,"column":4},"end":{"line":164,"column":7}},"71":{"start":{"line":139,"column":8},"end":{"line":142,"column":11}},"72":{"start":{"line":140,"column":12},"end":{"line":140,"column":43}},"73":{"start":{"line":144,"column":8},"end":{"line":147,"column":11}},"74":{"start":{"line":145,"column":12},"end":{"line":145,"column":46}},"75":{"start":{"line":146,"column":12},"end":{"line":146,"column":19}},"76":{"start":{"line":149,"column":8},"end":{"line":163,"column":11}},"77":{"start":{"line":150,"column":12},"end":{"line":150,"column":29}},"78":{"start":{"line":151,"column":12},"end":{"line":151,"column":29}},"79":{"start":{"line":152,"column":12},"end":{"line":152,"column":29}},"80":{"start":{"line":153,"column":12},"end":{"line":153,"column":29}},"81":{"start":{"line":154,"column":12},"end":{"line":154,"column":29}},"82":{"start":{"line":155,"column":12},"end":{"line":155,"column":29}},"83":{"start":{"line":156,"column":12},"end":{"line":156,"column":29}},"84":{"start":{"line":157,"column":12},"end":{"line":157,"column":29}},"85":{"start":{"line":158,"column":12},"end":{"line":158,"column":29}},"86":{"start":{"line":159,"column":12},"end":{"line":159,"column":29}},"87":{"start":{"line":161,"column":12},"end":{"line":161,"column":47}},"88":{"start":{"line":162,"column":12},"end":{"line":162,"column":19}}},"fnMap":{"0":{"name":"(anonymous_0)","decl":{"start":{"line":6,"column":25},"end":{"line":null,"column":-1}},"loc":{"start":{"line":6,"column":25},"end":{"line":166,"column":1}}},"1":{"name":"(anonymous_1)","decl":{"start":{"line":8,"column":27},"end":{"line":null,"column":-1}},"loc":{"start":{"line":8,"column":27},"end":{"line":14,"column":5}}},"2":{"name":"(anonymous_2)","decl":{"start":{"line":9,"column":46},"end":{"line":null,"column":-1}},"loc":{"start":{"line":9,"column":46},"end":{"line":13,"column":9}}},"3":{"name":"(anonymous_3)","decl":{"start":{"line":16,"column":23},"end":{"line":null,"column":-1}},"loc":{"start":{"line":16,"column":23},"end":{"line":38,"column":5}}},"4":{"name":"(anonymous_4)","decl":{"start":{"line":19,"column":15},"end":{"line":null,"column":-1}},"loc":{"start":{"line":19,"column":15},"end":{"line":21,"column":9}}},"5":{"name":"(anonymous_5)","decl":{"start":{"line":23,"column":54},"end":{"line":null,"column":-1}},"loc":{"start":{"line":23,"column":54},"end":{"line":27,"column":9}}},"6":{"name":"(anonymous_6)","decl":{"start":{"line":29,"column":54},"end":{"line":null,"column":-1}},"loc":{"start":{"line":29,"column":54},"end":{"line":33,"column":9}}},"7":{"name":"(anonymous_7)","decl":{"start":{"line":35,"column":55},"end":{"line":null,"column":-1}},"loc":{"start":{"line":35,"column":55},"end":{"line":37,"column":9}}},"8":{"name":"(anonymous_8)","decl":{"start":{"line":36,"column":19},"end":{"line":36,"column":24}},"loc":{"start":{"line":36,"column":19},"end":{"line":36,"column":45}}},"9":{"name":"(anonymous_9)","decl":{"start":{"line":41,"column":26},"end":{"line":null,"column":-1}},"loc":{"start":{"line":41,"column":26},"end":{"line":77,"column":5}}},"10":{"name":"(anonymous_10)","decl":{"start":{"line":44,"column":15},"end":{"line":null,"column":-1}},"loc":{"start":{"line":44,"column":15},"end":{"line":46,"column":9}}},"11":{"name":"(anonymous_11)","decl":{"start":{"line":48,"column":57},"end":{"line":null,"column":-1}},"loc":{"start":{"line":48,"column":57},"end":{"line":52,"column":9}}},"12":{"name":"(anonymous_12)","decl":{"start":{"line":54,"column":57},"end":{"line":null,"column":-1}},"loc":{"start":{"line":54,"column":57},"end":{"line":58,"column":9}}},"13":{"name":"(anonymous_13)","decl":{"start":{"line":60,"column":60},"end":{"line":null,"column":-1}},"loc":{"start":{"line":60,"column":60},"end":{"line":63,"column":9}}},"14":{"name":"(anonymous_14)","decl":{"start":{"line":65,"column":79},"end":{"line":null,"column":-1}},"loc":{"start":{"line":65,"column":79},"end":{"line":68,"column":9}}},"15":{"name":"(anonymous_15)","decl":{"start":{"line":70,"column":52},"end":{"line":null,"column":-1}},"loc":{"start":{"line":70,"column":52},"end":{"line":72,"column":9}}},"16":{"name":"(anonymous_16)","decl":{"start":{"line":74,"column":55},"end":{"line":null,"column":-1}},"loc":{"start":{"line":74,"column":55},"end":{"line":76,"column":9}}},"17":{"name":"(anonymous_17)","decl":{"start":{"line":75,"column":19},"end":{"line":75,"column":24}},"loc":{"start":{"line":75,"column":19},"end":{"line":75,"column":45}}},"18":{"name":"(anonymous_18)","decl":{"start":{"line":82,"column":26},"end":{"line":null,"column":-1}},"loc":{"start":{"line":82,"column":26},"end":{"line":114,"column":5}}},"19":{"name":"(anonymous_19)","decl":{"start":{"line":85,"column":15},"end":{"line":null,"column":-1}},"loc":{"start":{"line":85,"column":15},"end":{"line":98,"column":9}}},"20":{"name":"(anonymous_20)","decl":{"start":{"line":100,"column":57},"end":{"line":100,"column":57}},"loc":{"start":{"line":100,"column":62},"end":{"line":105,"column":9}}},"21":{"name":"(anonymous_21)","decl":{"start":{"line":107,"column":57},"end":{"line":107,"column":57}},"loc":{"start":{"line":107,"column":62},"end":{"line":112,"column":9}}},"22":{"name":"(anonymous_22)","decl":{"start":{"line":117,"column":27},"end":{"line":null,"column":-1}},"loc":{"start":{"line":117,"column":27},"end":{"line":134,"column":5}}},"23":{"name":"(anonymous_23)","decl":{"start":{"line":120,"column":15},"end":{"line":null,"column":-1}},"loc":{"start":{"line":120,"column":15},"end":{"line":123,"column":9}}},"24":{"name":"(anonymous_24)","decl":{"start":{"line":125,"column":54},"end":{"line":null,"column":-1}},"loc":{"start":{"line":125,"column":54},"end":{"line":127,"column":9}}},"25":{"name":"(anonymous_25)","decl":{"start":{"line":129,"column":56},"end":{"line":null,"column":-1}},"loc":{"start":{"line":129,"column":56},"end":{"line":132,"column":9}}},"26":{"name":"(anonymous_26)","decl":{"start":{"line":136,"column":26},"end":{"line":null,"column":-1}},"loc":{"start":{"line":136,"column":26},"end":{"line":164,"column":5}}},"27":{"name":"(anonymous_27)","decl":{"start":{"line":139,"column":15},"end":{"line":null,"column":-1}},"loc":{"start":{"line":139,"column":15},"end":{"line":142,"column":9}}},"28":{"name":"(anonymous_28)","decl":{"start":{"line":144,"column":49},"end":{"line":144,"column":49}},"loc":{"start":{"line":144,"column":54},"end":{"line":147,"column":9}}},"29":{"name":"(anonymous_29)","decl":{"start":{"line":149,"column":54},"end":{"line":149,"column":54}},"loc":{"start":{"line":149,"column":59},"end":{"line":163,"column":9}}}},"branchMap":{},"s":{"0":1,"1":1,"2":1,"3":1,"4":1,"5":1,"6":1,"7":1,"8":1,"9":1,"10":1,"11":1,"12":1,"13":1,"14":1,"15":1,"16":1,"17":1,"18":1,"19":1,"20":1,"21":1,"22":1,"23":1,"24":1,"25":1,"26":1,"27":1,"28":1,"29":1,"30":1,"31":1,"32":1,"33":1,"34":1,"35":1,"36":1,"37":1,"38":1,"39":1,"40":1,"41":1,"42":1,"43":1,"44":1,"45":1,"46":1,"47":1,"48":1,"49":1,"50":1,"51":1,"52":1,"53":1,"54":1,"55":1,"56":1,"57":1,"58":1,"59":1,"60":1,"61":1,"62":1,"63":1,"64":1,"65":1,"66":1,"67":1,"68":1,"69":1,"70":1,"71":1,"72":1,"73":1,"74":1,"75":1,"76":1,"77":1,"78":1,"79":1,"80":1,"81":1,"82":1,"83":1,"84":1,"85":1,"86":1,"87":1,"88":1},"f":{"0":1,"1":1,"2":1,"3":1,"4":1,"5":1,"6":1,"7":1,"8":1,"9":1,"10":1,"11":1,"12":1,"13":1,"14":1,"15":1,"16":1,"17":1,"18":1,"19":1,"20":1,"21":1,"22":1,"23":1,"24":1,"25":1,"26":1,"27":1,"28":1,"29":1},"b":{}}
,"/home/travis/build/vandbt/typescript-datastructure/src/datastore/index.ts": {"path":"/home/travis/build/vandbt/typescript-datastructure/src/datastore/index.ts","statementMap":{"0":{"start":{"line":8,"column":0},"end":{"line":90,"column":0}},"1":{"start":{"line":9,"column":2},"end":{"line":9,"column":17}},"2":{"start":{"line":11,"column":4},"end":{"line":11,"column":35}},"3":{"start":{"line":14,"column":2},"end":{"line":16,"column":3}},"4":{"start":{"line":15,"column":4},"end":{"line":15,"column":42}},"5":{"start":{"line":17,"column":2},"end":{"line":27,"column":3}},"6":{"start":{"line":19,"column":14},"end":{"line":19,"column":30}},"7":{"start":{"line":21,"column":4},"end":{"line":25,"column":5}},"8":{"start":{"line":22,"column":6},"end":{"line":24,"column":7}},"9":{"start":{"line":23,"column":8},"end":{"line":23,"column":17}},"10":{"start":{"line":26,"column":4},"end":{"line":26,"column":14}},"11":{"start":{"line":28,"column":2},"end":{"line":36,"column":3}},"12":{"start":{"line":29,"column":14},"end":{"line":29,"column":32}},"13":{"start":{"line":31,"column":4},"end":{"line":34,"column":5}},"14":{"start":{"line":32,"column":6},"end":{"line":32,"column":31}},"15":{"start":{"line":33,"column":6},"end":{"line":33,"column":18}},"16":{"start":{"line":35,"column":4},"end":{"line":35,"column":17}},"17":{"start":{"line":37,"column":2},"end":{"line":47,"column":3}},"18":{"start":{"line":38,"column":4},"end":{"line":40,"column":5}},"19":{"start":{"line":39,"column":6},"end":{"line":39,"column":33}},"20":{"start":{"line":42,"column":4},"end":{"line":45,"column":5}},"21":{"start":{"line":43,"column":6},"end":{"line":43,"column":31}},"22":{"start":{"line":44,"column":6},"end":{"line":44,"column":18}},"23":{"start":{"line":46,"column":4},"end":{"line":46,"column":17}},"24":{"start":{"line":48,"column":2},"end":{"line":50,"column":3}},"25":{"start":{"line":49,"column":4},"end":{"line":49,"column":28}},"26":{"start":{"line":51,"column":2},"end":{"line":53,"column":3}},"27":{"start":{"line":51,"column":11},"end":{"line":51,"column":26}},"28":{"start":{"line":52,"column":4},"end":{"line":52,"column":37}},"29":{"start":{"line":54,"column":2},"end":{"line":63,"column":3}},"30":{"start":{"line":55,"column":4},"end":{"line":61,"column":5}},"31":{"start":{"line":56,"column":8},"end":{"line":56,"column":44}},"32":{"start":{"line":57,"column":8},"end":{"line":57,"column":20}},"33":{"start":{"line":58,"column":11},"end":{"line":61,"column":5}},"34":{"start":{"line":59,"column":8},"end":{"line":59,"column":35}},"35":{"start":{"line":60,"column":8},"end":{"line":60,"column":20}},"36":{"start":{"line":62,"column":4},"end":{"line":62,"column":17}},"37":{"start":{"line":64,"column":2},"end":{"line":67,"column":3}},"38":{"start":{"line":65,"column":4},"end":{"line":65,"column":19}},"39":{"start":{"line":66,"column":4},"end":{"line":66,"column":25}},"40":{"start":{"line":68,"column":2},"end":{"line":74,"column":3}},"41":{"start":{"line":69,"column":14},"end":{"line":69,"column":32}},"42":{"start":{"line":70,"column":4},"end":{"line":72,"column":5}},"43":{"start":{"line":71,"column":8},"end":{"line":71,"column":20}},"44":{"start":{"line":73,"column":4},"end":{"line":73,"column":17}},"45":{"start":{"line":75,"column":2},"end":{"line":80,"column":3}},"46":{"start":{"line":76,"column":4},"end":{"line":78,"column":5}},"47":{"start":{"line":77,"column":8},"end":{"line":77,"column":20}},"48":{"start":{"line":79,"column":4},"end":{"line":79,"column":17}},"49":{"start":{"line":81,"column":2},"end":{"line":86,"column":3}},"50":{"start":{"line":82,"column":4},"end":{"line":84,"column":5}},"51":{"start":{"line":83,"column":8},"end":{"line":83,"column":35}},"52":{"start":{"line":85,"column":4},"end":{"line":85,"column":28}},"53":{"start":{"line":87,"column":2},"end":{"line":89,"column":3}},"54":{"start":{"line":88,"column":4},"end":{"line":88,"column":26}},"55":{"start":{"line":90,"column":0},"end":{"line":90,"column":1}},"56":{"start":{"line":92,"column":0},"end":{"line":92,"column":25}}},"fnMap":{"0":{"name":"(anonymous_0)","decl":{"start":{"line":8,"column":0},"end":{"line":null,"column":-1}},"loc":{"start":{"line":8,"column":0},"end":{"line":8,"column":-1}}},"1":{"name":"DataStore","decl":{"start":{"line":10,"column":2},"end":{"line":10,"column":13}},"loc":{"start":{"line":10,"column":29},"end":{"line":12,"column":3}}},"2":{"name":"(anonymous_2)","decl":{"start":{"line":14,"column":2},"end":{"line":14,"column":5}},"loc":{"start":{"line":14,"column":16},"end":{"line":16,"column":3}}},"3":{"name":"(anonymous_3)","decl":{"start":{"line":17,"column":2},"end":{"line":17,"column":6}},"loc":{"start":{"line":17,"column":17},"end":{"line":27,"column":3}}},"4":{"name":"(anonymous_4)","decl":{"start":{"line":28,"column":2},"end":{"line":28,"column":8}},"loc":{"start":{"line":28,"column":19},"end":{"line":36,"column":3}}},"5":{"name":"(anonymous_5)","decl":{"start":{"line":37,"column":2},"end":{"line":37,"column":10}},"loc":{"start":{"line":37,"column":22},"end":{"line":47,"column":3}}},"6":{"name":"(anonymous_6)","decl":{"start":{"line":48,"column":2},"end":{"line":null,"column":-1}},"loc":{"start":{"line":48,"column":2},"end":{"line":50,"column":3}}},"7":{"name":"(anonymous_7)","decl":{"start":{"line":51,"column":2},"end":{"line":51,"column":10}},"loc":{"start":{"line":51,"column":26},"end":{"line":53,"column":3}}},"8":{"name":"(anonymous_8)","decl":{"start":{"line":54,"column":2},"end":{"line":54,"column":8}},"loc":{"start":{"line":54,"column":34},"end":{"line":63,"column":3}}},"9":{"name":"(anonymous_9)","decl":{"start":{"line":64,"column":2},"end":{"line":null,"column":-1}},"loc":{"start":{"line":64,"column":2},"end":{"line":67,"column":3}}},"10":{"name":"(anonymous_10)","decl":{"start":{"line":68,"column":2},"end":{"line":68,"column":10}},"loc":{"start":{"line":68,"column":21},"end":{"line":74,"column":3}}},"11":{"name":"(anonymous_11)","decl":{"start":{"line":75,"column":2},"end":{"line":null,"column":-1}},"loc":{"start":{"line":75,"column":2},"end":{"line":80,"column":3}}},"12":{"name":"(anonymous_12)","decl":{"start":{"line":81,"column":2},"end":{"line":81,"column":12}},"loc":{"start":{"line":81,"column":26},"end":{"line":86,"column":3}}},"13":{"name":"(anonymous_13)","decl":{"start":{"line":87,"column":2},"end":{"line":null,"column":-1}},"loc":{"start":{"line":87,"column":2},"end":{"line":89,"column":3}}}},"branchMap":{"0":{"loc":{"start":{"line":11,"column":23},"end":{"line":11,"column":29}},"type":"binary-expr","locations":[{"start":{"line":11,"column":23},"end":{"line":11,"column":29}},{"start":{"line":11,"column":33},"end":{"line":11,"column":34}}]},"1":{"loc":{"start":{"line":22,"column":6},"end":{"line":24,"column":7}},"type":"if","locations":[{"start":{"line":22,"column":6},"end":{"line":24,"column":7}},{"start":{"line":22,"column":6},"end":{"line":24,"column":7}}]},"2":{"loc":{"start":{"line":31,"column":4},"end":{"line":34,"column":5}},"type":"if","locations":[{"start":{"line":31,"column":4},"end":{"line":34,"column":5}},{"start":{"line":31,"column":4},"end":{"line":34,"column":5}}]},"3":{"loc":{"start":{"line":38,"column":4},"end":{"line":40,"column":5}},"type":"if","locations":[{"start":{"line":38,"column":4},"end":{"line":40,"column":5}},{"start":{"line":38,"column":4},"end":{"line":40,"column":5}}]},"4":{"loc":{"start":{"line":38,"column":8},"end":{"line":38,"column":15}},"type":"binary-expr","locations":[{"start":{"line":38,"column":8},"end":{"line":38,"column":15}},{"start":{"line":38,"column":19},"end":{"line":38,"column":39}}]},"5":{"loc":{"start":{"line":42,"column":4},"end":{"line":45,"column":5}},"type":"if","locations":[{"start":{"line":42,"column":4},"end":{"line":45,"column":5}},{"start":{"line":42,"column":4},"end":{"line":45,"column":5}}]},"6":{"loc":{"start":{"line":51,"column":11},"end":{"line":51,"column":26}},"type":"if","locations":[{"start":{"line":51,"column":11},"end":{"line":51,"column":26}},{"start":{"line":51,"column":11},"end":{"line":51,"column":26}}]},"7":{"loc":{"start":{"line":55,"column":4},"end":{"line":61,"column":5}},"type":"if","locations":[{"start":{"line":55,"column":4},"end":{"line":61,"column":5}},{"start":{"line":55,"column":4},"end":{"line":61,"column":5}}]},"8":{"loc":{"start":{"line":55,"column":8},"end":{"line":55,"column":18}},"type":"binary-expr","locations":[{"start":{"line":55,"column":8},"end":{"line":55,"column":18}},{"start":{"line":55,"column":22},"end":{"line":55,"column":43}}]},"9":{"loc":{"start":{"line":58,"column":11},"end":{"line":61,"column":5}},"type":"if","locations":[{"start":{"line":58,"column":11},"end":{"line":61,"column":5}},{"start":{"line":58,"column":11},"end":{"line":61,"column":5}}]},"10":{"loc":{"start":{"line":58,"column":15},"end":{"line":58,"column":25}},"type":"binary-expr","locations":[{"start":{"line":58,"column":15},"end":{"line":58,"column":25}},{"start":{"line":58,"column":29},"end":{"line":58,"column":51}}]},"11":{"loc":{"start":{"line":70,"column":4},"end":{"line":72,"column":5}},"type":"if","locations":[{"start":{"line":70,"column":4},"end":{"line":72,"column":5}},{"start":{"line":70,"column":4},"end":{"line":72,"column":5}}]},"12":{"loc":{"start":{"line":76,"column":4},"end":{"line":78,"column":5}},"type":"if","locations":[{"start":{"line":76,"column":4},"end":{"line":78,"column":5}},{"start":{"line":76,"column":4},"end":{"line":78,"column":5}}]},"13":{"loc":{"start":{"line":82,"column":4},"end":{"line":84,"column":5}},"type":"if","locations":[{"start":{"line":82,"column":4},"end":{"line":84,"column":5}},{"start":{"line":82,"column":4},"end":{"line":84,"column":5}}]},"14":{"loc":{"start":{"line":82,"column":8},"end":{"line":82,"column":17}},"type":"binary-expr","locations":[{"start":{"line":82,"column":8},"end":{"line":82,"column":17}},{"start":{"line":82,"column":21},"end":{"line":82,"column":43}}]}},"s":{"0":1,"1":27,"2":27,"3":1,"4":59,"5":1,"6":3,"7":3,"8":20,"9":3,"10":0,"11":1,"12":3,"13":3,"14":3,"15":3,"16":0,"17":1,"18":6,"19":0,"20":6,"21":6,"22":6,"23":0,"24":1,"25":46,"26":1,"27":0,"28":0,"29":1,"30":4,"31":1,"32":1,"33":3,"34":3,"35":3,"36":0,"37":1,"38":4,"39":4,"40":1,"41":0,"42":0,"43":0,"44":0,"45":1,"46":12,"47":5,"48":7,"49":1,"50":18,"51":2,"52":16,"53":1,"54":1,"55":1,"56":1},"f":{"0":1,"1":27,"2":59,"3":3,"4":3,"5":6,"6":46,"7":0,"8":4,"9":4,"10":0,"11":12,"12":18,"13":1},"b":{"0":[27,27],"1":[3,17],"2":[3,0],"3":[0,6],"4":[6,6],"5":[6,0],"6":[0,0],"7":[1,3],"8":[4,4],"9":[3,0],"10":[3,3],"11":[0,0],"12":[5,7],"13":[2,16],"14":[18,18]}}
,"/home/travis/build/vandbt/typescript-datastructure/src/list/list.spec.ts": {"path":"/home/travis/build/vandbt/typescript-datastructure/src/list/list.spec.ts","statementMap":{"0":{"start":{"line":1,"column":0},"end":{"line":1,"column":25}},"1":{"start":{"line":2,"column":0},"end":{"line":2,"column":29}},"2":{"start":{"line":4,"column":0},"end":{"line":4,"column":15}},"3":{"start":{"line":6,"column":0},"end":{"line":141,"column":3}},"4":{"start":{"line":8,"column":4},"end":{"line":14,"column":7}},"5":{"start":{"line":9,"column":8},"end":{"line":13,"column":11}},"6":{"start":{"line":10,"column":23},"end":{"line":10,"column":41}},"7":{"start":{"line":12,"column":12},"end":{"line":12,"column":55}},"8":{"start":{"line":16,"column":4},"end":{"line":52,"column":7}},"9":{"start":{"line":19,"column":8},"end":{"line":21,"column":11}},"10":{"start":{"line":20,"column":12},"end":{"line":20,"column":38}},"11":{"start":{"line":23,"column":8},"end":{"line":27,"column":11}},"12":{"start":{"line":24,"column":12},"end":{"line":24,"column":27}},"13":{"start":{"line":26,"column":12},"end":{"line":26,"column":44}},"14":{"start":{"line":29,"column":8},"end":{"line":33,"column":11}},"15":{"start":{"line":30,"column":12},"end":{"line":30,"column":27}},"16":{"start":{"line":32,"column":12},"end":{"line":32,"column":44}},"17":{"start":{"line":35,"column":8},"end":{"line":38,"column":11}},"18":{"start":{"line":36,"column":12},"end":{"line":36,"column":29}},"19":{"start":{"line":37,"column":12},"end":{"line":37,"column":46}},"20":{"start":{"line":40,"column":8},"end":{"line":43,"column":11}},"21":{"start":{"line":41,"column":12},"end":{"line":41,"column":29}},"22":{"start":{"line":42,"column":12},"end":{"line":42,"column":46}},"23":{"start":{"line":45,"column":8},"end":{"line":47,"column":11}},"24":{"start":{"line":46,"column":12},"end":{"line":46,"column":45}},"25":{"start":{"line":49,"column":8},"end":{"line":51,"column":11}},"26":{"start":{"line":50,"column":12},"end":{"line":50,"column":51}},"27":{"start":{"line":50,"column":25},"end":{"line":50,"column":38}},"28":{"start":{"line":57,"column":4},"end":{"line":89,"column":7}},"29":{"start":{"line":60,"column":8},"end":{"line":73,"column":11}},"30":{"start":{"line":61,"column":12},"end":{"line":61,"column":38}},"31":{"start":{"line":62,"column":12},"end":{"line":62,"column":30}},"32":{"start":{"line":63,"column":12},"end":{"line":63,"column":30}},"33":{"start":{"line":64,"column":12},"end":{"line":64,"column":30}},"34":{"start":{"line":65,"column":12},"end":{"line":65,"column":30}},"35":{"start":{"line":66,"column":12},"end":{"line":66,"column":30}},"36":{"start":{"line":67,"column":12},"end":{"line":67,"column":30}},"37":{"start":{"line":68,"column":12},"end":{"line":68,"column":30}},"38":{"start":{"line":69,"column":12},"end":{"line":69,"column":30}},"39":{"start":{"line":70,"column":12},"end":{"line":70,"column":30}},"40":{"start":{"line":71,"column":12},"end":{"line":71,"column":30}},"41":{"start":{"line":75,"column":8},"end":{"line":80,"column":11}},"42":{"start":{"line":77,"column":12},"end":{"line":77,"column":27}},"43":{"start":{"line":78,"column":12},"end":{"line":78,"column":44}},"44":{"start":{"line":79,"column":12},"end":{"line":79,"column":19}},"45":{"start":{"line":82,"column":8},"end":{"line":87,"column":11}},"46":{"start":{"line":83,"column":12},"end":{"line":83,"column":27}},"47":{"start":{"line":85,"column":12},"end":{"line":85,"column":44}},"48":{"start":{"line":86,"column":12},"end":{"line":86,"column":19}},"49":{"start":{"line":92,"column":4},"end":{"line":109,"column":7}},"50":{"start":{"line":95,"column":8},"end":{"line":98,"column":11}},"51":{"start":{"line":96,"column":12},"end":{"line":96,"column":38}},"52":{"start":{"line":97,"column":12},"end":{"line":97,"column":29}},"53":{"start":{"line":100,"column":8},"end":{"line":102,"column":11}},"54":{"start":{"line":101,"column":12},"end":{"line":101,"column":51}},"55":{"start":{"line":104,"column":8},"end":{"line":107,"column":11}},"56":{"start":{"line":105,"column":12},"end":{"line":105,"column":27}},"57":{"start":{"line":106,"column":12},"end":{"line":106,"column":50}},"58":{"start":{"line":111,"column":4},"end":{"line":139,"column":7}},"59":{"start":{"line":114,"column":8},"end":{"line":117,"column":11}},"60":{"start":{"line":115,"column":12},"end":{"line":115,"column":38}},"61":{"start":{"line":119,"column":8},"end":{"line":122,"column":11}},"62":{"start":{"line":120,"column":12},"end":{"line":120,"column":44}},"63":{"start":{"line":121,"column":12},"end":{"line":121,"column":19}},"64":{"start":{"line":124,"column":8},"end":{"line":138,"column":11}},"65":{"start":{"line":125,"column":12},"end":{"line":125,"column":29}},"66":{"start":{"line":126,"column":12},"end":{"line":126,"column":29}},"67":{"start":{"line":127,"column":12},"end":{"line":127,"column":29}},"68":{"start":{"line":128,"column":12},"end":{"line":128,"column":29}},"69":{"start":{"line":129,"column":12},"end":{"line":129,"column":29}},"70":{"start":{"line":130,"column":12},"end":{"line":130,"column":29}},"71":{"start":{"line":131,"column":12},"end":{"line":131,"column":29}},"72":{"start":{"line":132,"column":12},"end":{"line":132,"column":29}},"73":{"start":{"line":133,"column":12},"end":{"line":133,"column":29}},"74":{"start":{"line":134,"column":12},"end":{"line":134,"column":29}},"75":{"start":{"line":136,"column":12},"end":{"line":136,"column":45}},"76":{"start":{"line":137,"column":12},"end":{"line":137,"column":19}}},"fnMap":{"0":{"name":"(anonymous_0)","decl":{"start":{"line":6,"column":20},"end":{"line":null,"column":-1}},"loc":{"start":{"line":6,"column":20},"end":{"line":141,"column":1}}},"1":{"name":"(anonymous_1)","decl":{"start":{"line":8,"column":27},"end":{"line":null,"column":-1}},"loc":{"start":{"line":8,"column":27},"end":{"line":14,"column":5}}},"2":{"name":"(anonymous_2)","decl":{"start":{"line":9,"column":41},"end":{"line":null,"column":-1}},"loc":{"start":{"line":9,"column":41},"end":{"line":13,"column":9}}},"3":{"name":"(anonymous_3)","decl":{"start":{"line":16,"column":23},"end":{"line":null,"column":-1}},"loc":{"start":{"line":16,"column":23},"end":{"line":52,"column":5}}},"4":{"name":"(anonymous_4)","decl":{"start":{"line":19,"column":15},"end":{"line":null,"column":-1}},"loc":{"start":{"line":19,"column":15},"end":{"line":21,"column":9}}},"5":{"name":"(anonymous_5)","decl":{"start":{"line":23,"column":54},"end":{"line":null,"column":-1}},"loc":{"start":{"line":23,"column":54},"end":{"line":27,"column":9}}},"6":{"name":"(anonymous_6)","decl":{"start":{"line":29,"column":54},"end":{"line":null,"column":-1}},"loc":{"start":{"line":29,"column":54},"end":{"line":33,"column":9}}},"7":{"name":"(anonymous_7)","decl":{"start":{"line":35,"column":57},"end":{"line":null,"column":-1}},"loc":{"start":{"line":35,"column":57},"end":{"line":38,"column":9}}},"8":{"name":"(anonymous_8)","decl":{"start":{"line":40,"column":69},"end":{"line":null,"column":-1}},"loc":{"start":{"line":40,"column":69},"end":{"line":43,"column":9}}},"9":{"name":"(anonymous_9)","decl":{"start":{"line":45,"column":48},"end":{"line":null,"column":-1}},"loc":{"start":{"line":45,"column":48},"end":{"line":47,"column":9}}},"10":{"name":"(anonymous_10)","decl":{"start":{"line":49,"column":55},"end":{"line":null,"column":-1}},"loc":{"start":{"line":49,"column":55},"end":{"line":51,"column":9}}},"11":{"name":"(anonymous_11)","decl":{"start":{"line":50,"column":19},"end":{"line":50,"column":24}},"loc":{"start":{"line":50,"column":19},"end":{"line":50,"column":38}}},"12":{"name":"(anonymous_12)","decl":{"start":{"line":57,"column":26},"end":{"line":null,"column":-1}},"loc":{"start":{"line":57,"column":26},"end":{"line":89,"column":5}}},"13":{"name":"(anonymous_13)","decl":{"start":{"line":60,"column":15},"end":{"line":null,"column":-1}},"loc":{"start":{"line":60,"column":15},"end":{"line":73,"column":9}}},"14":{"name":"(anonymous_14)","decl":{"start":{"line":75,"column":55},"end":{"line":75,"column":55}},"loc":{"start":{"line":75,"column":60},"end":{"line":80,"column":9}}},"15":{"name":"(anonymous_15)","decl":{"start":{"line":82,"column":55},"end":{"line":82,"column":55}},"loc":{"start":{"line":82,"column":60},"end":{"line":87,"column":9}}},"16":{"name":"(anonymous_16)","decl":{"start":{"line":92,"column":27},"end":{"line":null,"column":-1}},"loc":{"start":{"line":92,"column":27},"end":{"line":109,"column":5}}},"17":{"name":"(anonymous_17)","decl":{"start":{"line":95,"column":15},"end":{"line":null,"column":-1}},"loc":{"start":{"line":95,"column":15},"end":{"line":98,"column":9}}},"18":{"name":"(anonymous_18)","decl":{"start":{"line":100,"column":54},"end":{"line":null,"column":-1}},"loc":{"start":{"line":100,"column":54},"end":{"line":102,"column":9}}},"19":{"name":"(anonymous_19)","decl":{"start":{"line":104,"column":56},"end":{"line":null,"column":-1}},"loc":{"start":{"line":104,"column":56},"end":{"line":107,"column":9}}},"20":{"name":"(anonymous_20)","decl":{"start":{"line":111,"column":24},"end":{"line":null,"column":-1}},"loc":{"start":{"line":111,"column":24},"end":{"line":139,"column":5}}},"21":{"name":"(anonymous_21)","decl":{"start":{"line":114,"column":15},"end":{"line":null,"column":-1}},"loc":{"start":{"line":114,"column":15},"end":{"line":117,"column":9}}},"22":{"name":"(anonymous_22)","decl":{"start":{"line":119,"column":49},"end":{"line":119,"column":49}},"loc":{"start":{"line":119,"column":54},"end":{"line":122,"column":9}}},"23":{"name":"(anonymous_23)","decl":{"start":{"line":124,"column":54},"end":{"line":124,"column":54}},"loc":{"start":{"line":124,"column":59},"end":{"line":138,"column":9}}}},"branchMap":{},"s":{"0":1,"1":1,"2":1,"3":1,"4":1,"5":1,"6":1,"7":1,"8":1,"9":1,"10":1,"11":1,"12":1,"13":1,"14":1,"15":1,"16":1,"17":1,"18":1,"19":1,"20":1,"21":1,"22":1,"23":1,"24":1,"25":1,"26":1,"27":1,"28":1,"29":1,"30":1,"31":1,"32":1,"33":1,"34":1,"35":1,"36":1,"37":1,"38":1,"39":1,"40":1,"41":1,"42":1,"43":1,"44":1,"45":1,"46":1,"47":1,"48":1,"49":1,"50":1,"51":1,"52":1,"53":1,"54":1,"55":1,"56":1,"57":1,"58":1,"59":1,"60":1,"61":1,"62":1,"63":1,"64":1,"65":1,"66":1,"67":1,"68":1,"69":1,"70":1,"71":1,"72":1,"73":1,"74":1,"75":1,"76":1},"f":{"0":1,"1":1,"2":1,"3":1,"4":1,"5":1,"6":1,"7":1,"8":1,"9":1,"10":1,"11":1,"12":1,"13":1,"14":1,"15":1,"16":1,"17":1,"18":1,"19":1,"20":1,"21":1,"22":1,"23":1},"b":{}}
,"/home/travis/build/vandbt/typescript-datastructure/src/list/list.ts": {"path":"/home/travis/build/vandbt/typescript-datastructure/src/list/list.ts","statementMap":{"0":{"start":{"line":3,"column":0},"end":{"line":117,"column":0}},"1":{"start":{"line":6,"column":8},"end":{"line":6,"column":36}},"2":{"start":{"line":7,"column":8},"end":{"line":7,"column":30}},"3":{"start":{"line":18,"column":4},"end":{"line":51,"column":5}},"4":{"start":{"line":20,"column":8},"end":{"line":22,"column":9}},"5":{"start":{"line":21,"column":12},"end":{"line":21,"column":34}},"6":{"start":{"line":24,"column":8},"end":{"line":50,"column":9}},"7":{"start":{"line":25,"column":32},"end":{"line":25,"column":33}},"8":{"start":{"line":26,"column":12},"end":{"line":26,"column":48}},"9":{"start":{"line":28,"column":22},"end":{"line":28,"column":39}},"10":{"start":{"line":29,"column":12},"end":{"line":31,"column":13}},"11":{"start":{"line":30,"column":16},"end":{"line":30,"column":38}},"12":{"start":{"line":33,"column":12},"end":{"line":33,"column":37}},"13":{"start":{"line":40,"column":26},"end":{"line":40,"column":59}},"14":{"start":{"line":41,"column":12},"end":{"line":41,"column":34}},"15":{"start":{"line":42,"column":24},"end":{"line":42,"column":44}},"16":{"start":{"line":44,"column":12},"end":{"line":47,"column":13}},"17":{"start":{"line":45,"column":30},"end":{"line":45,"column":50}},"18":{"start":{"line":46,"column":16},"end":{"line":46,"column":48}},"19":{"start":{"line":48,"column":12},"end":{"line":48,"column":37}},"20":{"start":{"line":49,"column":12},"end":{"line":49,"column":53}},"21":{"start":{"line":60,"column":4},"end":{"line":76,"column":5}},"22":{"start":{"line":61,"column":8},"end":{"line":63,"column":9}},"23":{"start":{"line":62,"column":12},"end":{"line":62,"column":33}},"24":{"start":{"line":65,"column":26},"end":{"line":65,"column":43}},"25":{"start":{"line":66,"column":8},"end":{"line":68,"column":9}},"26":{"start":{"line":67,"column":12},"end":{"line":67,"column":19}},"27":{"start":{"line":70,"column":8},"end":{"line":73,"column":9}},"28":{"start":{"line":71,"column":12},"end":{"line":71,"column":54}},"29":{"start":{"line":72,"column":12},"end":{"line":72,"column":20}},"30":{"start":{"line":75,"column":8},"end":{"line":75,"column":28}},"31":{"start":{"line":84,"column":4},"end":{"line":86,"column":5}},"32":{"start":{"line":85,"column":8},"end":{"line":85,"column":47}},"33":{"start":{"line":95,"column":4},"end":{"line":101,"column":5}},"34":{"start":{"line":96,"column":8},"end":{"line":98,"column":9}},"35":{"start":{"line":97,"column":12},"end":{"line":97,"column":33}},"36":{"start":{"line":100,"column":8},"end":{"line":100,"column":33}},"37":{"start":{"line":103,"column":4},"end":{"line":105,"column":5}},"38":{"start":{"line":104,"column":8},"end":{"line":104,"column":33}},"39":{"start":{"line":107,"column":4},"end":{"line":112,"column":5}},"40":{"start":{"line":108,"column":8},"end":{"line":111,"column":9}},"41":{"start":{"line":109,"column":28},"end":{"line":109,"column":45}},"42":{"start":{"line":114,"column":4},"end":{"line":116,"column":5}},"43":{"start":{"line":115,"column":8},"end":{"line":115,"column":25}},"44":{"start":{"line":117,"column":0},"end":{"line":117,"column":1}},"45":{"start":{"line":119,"column":0},"end":{"line":119,"column":20}}},"fnMap":{"0":{"name":"(anonymous_0)","decl":{"start":{"line":3,"column":0},"end":{"line":null,"column":-1}},"loc":{"start":{"line":3,"column":0},"end":{"line":3,"column":-1}}},"1":{"name":"List","decl":{"start":{"line":5,"column":4},"end":{"line":null,"column":-1}},"loc":{"start":{"line":5,"column":4},"end":{"line":8,"column":5}}},"2":{"name":"(anonymous_2)","decl":{"start":{"line":18,"column":4},"end":{"line":18,"column":7}},"loc":{"start":{"line":18,"column":30},"end":{"line":51,"column":5}}},"3":{"name":"(anonymous_3)","decl":{"start":{"line":60,"column":4},"end":{"line":60,"column":10}},"loc":{"start":{"line":60,"column":16},"end":{"line":76,"column":5}}},"4":{"name":"(anonymous_4)","decl":{"start":{"line":84,"column":4},"end":{"line":null,"column":-1}},"loc":{"start":{"line":84,"column":4},"end":{"line":86,"column":5}}},"5":{"name":"(anonymous_5)","decl":{"start":{"line":95,"column":4},"end":{"line":95,"column":7}},"loc":{"start":{"line":95,"column":21},"end":{"line":101,"column":5}}},"6":{"name":"(anonymous_6)","decl":{"start":{"line":103,"column":4},"end":{"line":null,"column":-1}},"loc":{"start":{"line":103,"column":4},"end":{"line":105,"column":5}}},"7":{"name":"(anonymous_7)","decl":{"start":{"line":107,"column":4},"end":{"line":null,"column":-1}},"loc":{"start":{"line":107,"column":4},"end":{"line":112,"column":5}}},"8":{"name":"(anonymous_8)","decl":{"start":{"line":114,"column":4},"end":{"line":null,"column":-1}},"loc":{"start":{"line":114,"column":4},"end":{"line":116,"column":5}}}},"branchMap":{"0":{"loc":{"start":{"line":20,"column":8},"end":{"line":22,"column":9}},"type":"if","locations":[{"start":{"line":20,"column":8},"end":{"line":22,"column":9}},{"start":{"line":20,"column":8},"end":{"line":22,"column":9}}]},"1":{"loc":{"start":{"line":24,"column":8},"end":{"line":50,"column":9}},"type":"if","locations":[{"start":{"line":24,"column":8},"end":{"line":50,"column":9}},{"start":{"line":24,"column":8},"end":{"line":50,"column":9}}]},"2":{"loc":{"start":{"line":61,"column":8},"end":{"line":63,"column":9}},"type":"if","locations":[{"start":{"line":61,"column":8},"end":{"line":63,"column":9}},{"start":{"line":61,"column":8},"end":{"line":63,"column":9}}]},"3":{"loc":{"start":{"line":61,"column":12},"end":{"line":61,"column":21}},"type":"binary-expr","locations":[{"start":{"line":61,"column":12},"end":{"line":61,"column":21}},{"start":{"line":61,"column":25},"end":{"line":61,"column":44}}]},"4":{"loc":{"start":{"line":66,"column":8},"end":{"line":68,"column":9}},"type":"if","locations":[{"start":{"line":66,"column":8},"end":{"line":68,"column":9}},{"start":{"line":66,"column":8},"end":{"line":68,"column":9}}]},"5":{"loc":{"start":{"line":85,"column":34},"end":{"line":85,"column":38}},"type":"cond-expr","locations":[{"start":{"line":85,"column":34},"end":{"line":85,"column":38}},{"start":{"line":85,"column":41},"end":{"line":85,"column":46}}]},"6":{"loc":{"start":{"line":96,"column":8},"end":{"line":98,"column":9}},"type":"if","locations":[{"start":{"line":96,"column":8},"end":{"line":98,"column":9}},{"start":{"line":96,"column":8},"end":{"line":98,"column":9}}]},"7":{"loc":{"start":{"line":96,"column":12},"end":{"line":96,"column":21}},"type":"binary-expr","locations":[{"start":{"line":96,"column":12},"end":{"line":96,"column":21}},{"start":{"line":96,"column":25},"end":{"line":96,"column":44}}]}},"s":{"0":1,"1":5,"2":5,"3":1,"4":25,"5":0,"6":25,"7":24,"8":24,"9":24,"10":24,"11":8,"12":24,"13":1,"14":1,"15":1,"16":1,"17":1,"18":1,"19":1,"20":1,"21":1,"22":3,"23":0,"24":3,"25":3,"26":0,"27":3,"28":3,"29":3,"30":3,"31":1,"32":2,"33":1,"34":5,"35":1,"36":4,"37":1,"38":15,"39":1,"40":0,"41":0,"42":1,"43":1,"44":1,"45":1},"f":{"0":1,"1":5,"2":25,"3":3,"4":2,"5":5,"6":15,"7":0,"8":1},"b":{"0":[0,25],"1":[24,1],"2":[0,3],"3":[3,3],"4":[0,3],"5":[1,1],"6":[1,4],"7":[5,5]}}
,"/home/travis/build/vandbt/typescript-datastructure/src/queue/index.spec.ts": {"path":"/home/travis/build/vandbt/typescript-datastructure/src/queue/index.spec.ts","statementMap":{"0":{"start":{"line":1,"column":0},"end":{"line":1,"column":29}},"1":{"start":{"line":3,"column":0},"end":{"line":3,"column":15}},"2":{"start":{"line":5,"column":0},"end":{"line":5,"column":27}},"3":{"start":{"line":7,"column":0},"end":{"line":123,"column":3}},"4":{"start":{"line":11,"column":4},"end":{"line":29,"column":7}},"5":{"start":{"line":13,"column":8},"end":{"line":17,"column":11}},"6":{"start":{"line":14,"column":12},"end":{"line":14,"column":42}},"7":{"start":{"line":15,"column":12},"end":{"line":15,"column":36}},"8":{"start":{"line":16,"column":12},"end":{"line":16,"column":49}},"9":{"start":{"line":19,"column":8},"end":{"line":28,"column":11}},"10":{"start":{"line":20,"column":12},"end":{"line":20,"column":42}},"11":{"start":{"line":22,"column":12},"end":{"line":25,"column":13}},"12":{"start":{"line":23,"column":27},"end":{"line":23,"column":32}},"13":{"start":{"line":24,"column":16},"end":{"line":24,"column":38}},"14":{"start":{"line":27,"column":12},"end":{"line":27,"column":44}},"15":{"start":{"line":31,"column":4},"end":{"line":72,"column":7}},"16":{"start":{"line":33,"column":8},"end":{"line":36,"column":11}},"17":{"start":{"line":34,"column":12},"end":{"line":34,"column":42}},"18":{"start":{"line":35,"column":12},"end":{"line":35,"column":45}},"19":{"start":{"line":38,"column":8},"end":{"line":42,"column":11}},"20":{"start":{"line":39,"column":12},"end":{"line":39,"column":42}},"21":{"start":{"line":40,"column":12},"end":{"line":40,"column":43}},"22":{"start":{"line":41,"column":12},"end":{"line":41,"column":59}},"23":{"start":{"line":44,"column":8},"end":{"line":70,"column":11}},"24":{"start":{"line":46,"column":12},"end":{"line":52,"column":15}},"25":{"start":{"line":47,"column":16},"end":{"line":47,"column":46}},"26":{"start":{"line":48,"column":16},"end":{"line":48,"column":39}},"27":{"start":{"line":49,"column":16},"end":{"line":49,"column":41}},"28":{"start":{"line":50,"column":16},"end":{"line":50,"column":41}},"29":{"start":{"line":51,"column":16},"end":{"line":51,"column":39}},"30":{"start":{"line":54,"column":12},"end":{"line":57,"column":15}},"31":{"start":{"line":55,"column":16},"end":{"line":55,"column":55}},"32":{"start":{"line":56,"column":16},"end":{"line":56,"column":23}},"33":{"start":{"line":58,"column":12},"end":{"line":61,"column":15}},"34":{"start":{"line":59,"column":16},"end":{"line":59,"column":57}},"35":{"start":{"line":60,"column":16},"end":{"line":60,"column":23}},"36":{"start":{"line":62,"column":12},"end":{"line":65,"column":15}},"37":{"start":{"line":63,"column":16},"end":{"line":63,"column":57}},"38":{"start":{"line":64,"column":16},"end":{"line":64,"column":23}},"39":{"start":{"line":66,"column":12},"end":{"line":69,"column":15}},"40":{"start":{"line":67,"column":16},"end":{"line":67,"column":55}},"41":{"start":{"line":68,"column":16},"end":{"line":68,"column":23}},"42":{"start":{"line":75,"column":4},"end":{"line":88,"column":7}},"43":{"start":{"line":77,"column":8},"end":{"line":80,"column":11}},"44":{"start":{"line":78,"column":12},"end":{"line":78,"column":42}},"45":{"start":{"line":79,"column":12},"end":{"line":79,"column":50}},"46":{"start":{"line":82,"column":8},"end":{"line":86,"column":11}},"47":{"start":{"line":83,"column":12},"end":{"line":83,"column":42}},"48":{"start":{"line":84,"column":12},"end":{"line":84,"column":31}},"49":{"start":{"line":85,"column":12},"end":{"line":85,"column":51}},"50":{"start":{"line":90,"column":4},"end":{"line":103,"column":7}},"51":{"start":{"line":92,"column":8},"end":{"line":95,"column":11}},"52":{"start":{"line":93,"column":12},"end":{"line":93,"column":42}},"53":{"start":{"line":94,"column":12},"end":{"line":94,"column":46}},"54":{"start":{"line":97,"column":8},"end":{"line":101,"column":11}},"55":{"start":{"line":98,"column":12},"end":{"line":98,"column":42}},"56":{"start":{"line":99,"column":12},"end":{"line":99,"column":31}},"57":{"start":{"line":100,"column":12},"end":{"line":100,"column":46}},"58":{"start":{"line":105,"column":4},"end":{"line":121,"column":7}},"59":{"start":{"line":107,"column":8},"end":{"line":112,"column":11}},"60":{"start":{"line":108,"column":12},"end":{"line":108,"column":42}},"61":{"start":{"line":109,"column":12},"end":{"line":109,"column":31}},"62":{"start":{"line":110,"column":12},"end":{"line":110,"column":28}},"63":{"start":{"line":111,"column":12},"end":{"line":111,"column":50}},"64":{"start":{"line":114,"column":8},"end":{"line":119,"column":11}},"65":{"start":{"line":115,"column":12},"end":{"line":115,"column":42}},"66":{"start":{"line":116,"column":12},"end":{"line":116,"column":31}},"67":{"start":{"line":117,"column":12},"end":{"line":117,"column":28}},"68":{"start":{"line":118,"column":12},"end":{"line":118,"column":46}}},"fnMap":{"0":{"name":"(anonymous_0)","decl":{"start":{"line":7,"column":21},"end":{"line":null,"column":-1}},"loc":{"start":{"line":7,"column":21},"end":{"line":123,"column":1}}},"1":{"name":"(anonymous_1)","decl":{"start":{"line":11,"column":27},"end":{"line":null,"column":-1}},"loc":{"start":{"line":11,"column":27},"end":{"line":29,"column":5}}},"2":{"name":"(anonymous_2)","decl":{"start":{"line":13,"column":65},"end":{"line":null,"column":-1}},"loc":{"start":{"line":13,"column":65},"end":{"line":17,"column":9}}},"3":{"name":"(anonymous_3)","decl":{"start":{"line":19,"column":65},"end":{"line":null,"column":-1}},"loc":{"start":{"line":19,"column":65},"end":{"line":28,"column":9}}},"4":{"name":"(anonymous_4)","decl":{"start":{"line":31,"column":27},"end":{"line":null,"column":-1}},"loc":{"start":{"line":31,"column":27},"end":{"line":72,"column":5}}},"5":{"name":"(anonymous_5)","decl":{"start":{"line":33,"column":77},"end":{"line":null,"column":-1}},"loc":{"start":{"line":33,"column":77},"end":{"line":36,"column":9}}},"6":{"name":"(anonymous_6)","decl":{"start":{"line":38,"column":78},"end":{"line":null,"column":-1}},"loc":{"start":{"line":38,"column":78},"end":{"line":42,"column":9}}},"7":{"name":"(anonymous_7)","decl":{"start":{"line":44,"column":52},"end":{"line":null,"column":-1}},"loc":{"start":{"line":44,"column":52},"end":{"line":70,"column":9}}},"8":{"name":"(anonymous_8)","decl":{"start":{"line":46,"column":19},"end":{"line":null,"column":-1}},"loc":{"start":{"line":46,"column":19},"end":{"line":52,"column":13}}},"9":{"name":"(anonymous_9)","decl":{"start":{"line":54,"column":60},"end":{"line":54,"column":69}},"loc":{"start":{"line":54,"column":74},"end":{"line":57,"column":13}}},"10":{"name":"(anonymous_10)","decl":{"start":{"line":58,"column":62},"end":{"line":58,"column":71}},"loc":{"start":{"line":58,"column":76},"end":{"line":61,"column":13}}},"11":{"name":"(anonymous_11)","decl":{"start":{"line":62,"column":62},"end":{"line":62,"column":71}},"loc":{"start":{"line":62,"column":76},"end":{"line":65,"column":13}}},"12":{"name":"(anonymous_12)","decl":{"start":{"line":66,"column":60},"end":{"line":66,"column":69}},"loc":{"start":{"line":66,"column":74},"end":{"line":69,"column":13}}},"13":{"name":"(anonymous_13)","decl":{"start":{"line":75,"column":27},"end":{"line":null,"column":-1}},"loc":{"start":{"line":75,"column":27},"end":{"line":88,"column":5}}},"14":{"name":"(anonymous_14)","decl":{"start":{"line":77,"column":53},"end":{"line":null,"column":-1}},"loc":{"start":{"line":77,"column":53},"end":{"line":80,"column":9}}},"15":{"name":"(anonymous_15)","decl":{"start":{"line":82,"column":58},"end":{"line":null,"column":-1}},"loc":{"start":{"line":82,"column":58},"end":{"line":86,"column":9}}},"16":{"name":"(anonymous_16)","decl":{"start":{"line":90,"column":26},"end":{"line":null,"column":-1}},"loc":{"start":{"line":90,"column":26},"end":{"line":103,"column":5}}},"17":{"name":"(anonymous_17)","decl":{"start":{"line":92,"column":50},"end":{"line":null,"column":-1}},"loc":{"start":{"line":92,"column":50},"end":{"line":95,"column":9}}},"18":{"name":"(anonymous_18)","decl":{"start":{"line":97,"column":54},"end":{"line":null,"column":-1}},"loc":{"start":{"line":97,"column":54},"end":{"line":101,"column":9}}},"19":{"name":"(anonymous_19)","decl":{"start":{"line":105,"column":25},"end":{"line":null,"column":-1}},"loc":{"start":{"line":105,"column":25},"end":{"line":121,"column":5}}},"20":{"name":"(anonymous_20)","decl":{"start":{"line":107,"column":57},"end":{"line":null,"column":-1}},"loc":{"start":{"line":107,"column":57},"end":{"line":112,"column":9}}},"21":{"name":"(anonymous_21)","decl":{"start":{"line":114,"column":59},"end":{"line":null,"column":-1}},"loc":{"start":{"line":114,"column":59},"end":{"line":119,"column":9}}}},"branchMap":{},"s":{"0":1,"1":1,"2":1,"3":1,"4":1,"5":1,"6":1,"7":1,"8":1,"9":1,"10":1,"11":1,"12":10,"13":10,"14":1,"15":1,"16":1,"17":1,"18":1,"19":1,"20":1,"21":1,"22":1,"23":1,"24":1,"25":1,"26":1,"27":1,"28":1,"29":1,"30":1,"31":1,"32":1,"33":1,"34":1,"35":1,"36":1,"37":1,"38":1,"39":1,"40":1,"41":1,"42":1,"43":1,"44":1,"45":1,"46":1,"47":1,"48":1,"49":1,"50":1,"51":1,"52":1,"53":1,"54":1,"55":1,"56":1,"57":1,"58":1,"59":1,"60":1,"61":1,"62":1,"63":1,"64":1,"65":1,"66":1,"67":1,"68":1},"f":{"0":1,"1":1,"2":1,"3":1,"4":1,"5":1,"6":1,"7":1,"8":1,"9":1,"10":1,"11":1,"12":1,"13":1,"14":1,"15":1,"16":1,"17":1,"18":1,"19":1,"20":1,"21":1},"b":{}}
,"/home/travis/build/vandbt/typescript-datastructure/src/queue/index.ts": {"path":"/home/travis/build/vandbt/typescript-datastructure/src/queue/index.ts","statementMap":{"0":{"start":{"line":1,"column":0},"end":{"line":1,"column":36}},"1":{"start":{"line":9,"column":0},"end":{"line":84,"column":0}},"2":{"start":{"line":18,"column":16},"end":{"line":18,"column":24}},"3":{"start":{"line":19,"column":8},"end":{"line":19,"column":48}},"4":{"start":{"line":28,"column":11},"end":{"line":30,"column":5}},"5":{"start":{"line":29,"column":8},"end":{"line":29,"column":36}},"6":{"start":{"line":38,"column":11},"end":{"line":43,"column":5}},"7":{"start":{"line":39,"column":18},"end":{"line":39,"column":19}},"8":{"start":{"line":40,"column":21},"end":{"line":40,"column":51}},"9":{"start":{"line":41,"column":8},"end":{"line":41,"column":37}},"10":{"start":{"line":42,"column":8},"end":{"line":42,"column":20}},"11":{"start":{"line":51,"column":11},"end":{"line":54,"column":5}},"12":{"start":{"line":52,"column":18},"end":{"line":52,"column":19}},"13":{"start":{"line":53,"column":8},"end":{"line":53,"column":46}},"14":{"start":{"line":62,"column":11},"end":{"line":64,"column":5}},"15":{"start":{"line":63,"column":8},"end":{"line":63,"column":39}},"16":{"start":{"line":72,"column":11},"end":{"line":74,"column":5}},"17":{"start":{"line":73,"column":8},"end":{"line":73,"column":30}},"18":{"start":{"line":81,"column":11},"end":{"line":83,"column":5}},"19":{"start":{"line":82,"column":8},"end":{"line":82,"column":40}},"20":{"start":{"line":84,"column":0},"end":{"line":84,"column":1}},"21":{"start":{"line":86,"column":0},"end":{"line":86,"column":21}}},"fnMap":{"0":{"name":"(anonymous_0)","decl":{"start":{"line":9,"column":0},"end":{"line":null,"column":-1}},"loc":{"start":{"line":9,"column":0},"end":{"line":9,"column":-1}}},"1":{"name":"Queue","decl":{"start":{"line":18,"column":4},"end":{"line":18,"column":15}},"loc":{"start":{"line":18,"column":24},"end":{"line":20,"column":5}}},"2":{"name":"(anonymous_2)","decl":{"start":{"line":28,"column":4},"end":{"line":28,"column":18}},"loc":{"start":{"line":28,"column":29},"end":{"line":30,"column":5}}},"3":{"name":"(anonymous_3)","decl":{"start":{"line":38,"column":4},"end":{"line":null,"column":-1}},"loc":{"start":{"line":38,"column":4},"end":{"line":43,"column":5}}},"4":{"name":"(anonymous_4)","decl":{"start":{"line":51,"column":4},"end":{"line":null,"column":-1}},"loc":{"start":{"line":51,"column":4},"end":{"line":54,"column":5}}},"5":{"name":"(anonymous_5)","decl":{"start":{"line":62,"column":4},"end":{"line":null,"column":-1}},"loc":{"start":{"line":62,"column":4},"end":{"line":64,"column":5}}},"6":{"name":"(anonymous_6)","decl":{"start":{"line":72,"column":4},"end":{"line":null,"column":-1}},"loc":{"start":{"line":72,"column":4},"end":{"line":74,"column":5}}},"7":{"name":"(anonymous_7)","decl":{"start":{"line":81,"column":4},"end":{"line":null,"column":-1}},"loc":{"start":{"line":81,"column":4},"end":{"line":83,"column":5}}}},"branchMap":{"0":{"loc":{"start":{"line":18,"column":16},"end":{"line":18,"column":24}},"type":"if","locations":[{"start":{"line":18,"column":16},"end":{"line":18,"column":24}},{"start":{"line":18,"column":16},"end":{"line":18,"column":24}}]}},"s":{"0":1,"1":1,"2":22,"3":11,"4":1,"5":20,"6":1,"7":6,"8":6,"9":5,"10":5,"11":1,"12":2,"13":2,"14":1,"15":3,"16":1,"17":2,"18":1,"19":3,"20":1,"21":1},"f":{"0":1,"1":11,"2":20,"3":6,"4":2,"5":3,"6":2,"7":3},"b":{"0":[11,0]}}
,"/home/travis/build/vandbt/typescript-datastructure/src/stack/index.spec.ts": {"path":"/home/travis/build/vandbt/typescript-datastructure/src/stack/index.spec.ts","statementMap":{"0":{"start":{"line":1,"column":0},"end":{"line":1,"column":27}},"1":{"start":{"line":2,"column":0},"end":{"line":2,"column":29}},"2":{"start":{"line":4,"column":0},"end":{"line":4,"column":15}},"3":{"start":{"line":7,"column":0},"end":{"line":97,"column":3}},"4":{"start":{"line":11,"column":4},"end":{"line":29,"column":7}},"5":{"start":{"line":13,"column":8},"end":{"line":17,"column":11}},"6":{"start":{"line":14,"column":12},"end":{"line":14,"column":42}},"7":{"start":{"line":15,"column":12},"end":{"line":15,"column":33}},"8":{"start":{"line":16,"column":12},"end":{"line":16,"column":49}},"9":{"start":{"line":19,"column":8},"end":{"line":28,"column":11}},"10":{"start":{"line":20,"column":12},"end":{"line":20,"column":42}},"11":{"start":{"line":22,"column":12},"end":{"line":25,"column":13}},"12":{"start":{"line":23,"column":27},"end":{"line":23,"column":32}},"13":{"start":{"line":24,"column":16},"end":{"line":24,"column":35}},"14":{"start":{"line":27,"column":12},"end":{"line":27,"column":44}},"15":{"start":{"line":32,"column":4},"end":{"line":45,"column":7}},"16":{"start":{"line":34,"column":8},"end":{"line":37,"column":11}},"17":{"start":{"line":35,"column":12},"end":{"line":35,"column":42}},"18":{"start":{"line":36,"column":12},"end":{"line":36,"column":48}},"19":{"start":{"line":39,"column":8},"end":{"line":43,"column":11}},"20":{"start":{"line":40,"column":12},"end":{"line":40,"column":42}},"21":{"start":{"line":41,"column":12},"end":{"line":41,"column":36}},"22":{"start":{"line":42,"column":12},"end":{"line":42,"column":51}},"23":{"start":{"line":48,"column":4},"end":{"line":61,"column":7}},"24":{"start":{"line":50,"column":8},"end":{"line":53,"column":11}},"25":{"start":{"line":51,"column":12},"end":{"line":51,"column":42}},"26":{"start":{"line":52,"column":12},"end":{"line":52,"column":50}},"27":{"start":{"line":55,"column":8},"end":{"line":59,"column":11}},"28":{"start":{"line":56,"column":12},"end":{"line":56,"column":42}},"29":{"start":{"line":57,"column":12},"end":{"line":57,"column":28}},"30":{"start":{"line":58,"column":12},"end":{"line":58,"column":51}},"31":{"start":{"line":63,"column":4},"end":{"line":76,"column":7}},"32":{"start":{"line":65,"column":8},"end":{"line":68,"column":11}},"33":{"start":{"line":66,"column":12},"end":{"line":66,"column":42}},"34":{"start":{"line":67,"column":12},"end":{"line":67,"column":44}},"35":{"start":{"line":70,"column":8},"end":{"line":74,"column":11}},"36":{"start":{"line":71,"column":12},"end":{"line":71,"column":42}},"37":{"start":{"line":72,"column":12},"end":{"line":72,"column":28}},"38":{"start":{"line":73,"column":12},"end":{"line":73,"column":44}},"39":{"start":{"line":78,"column":4},"end":{"line":94,"column":7}},"40":{"start":{"line":80,"column":8},"end":{"line":85,"column":11}},"41":{"start":{"line":81,"column":12},"end":{"line":81,"column":42}},"42":{"start":{"line":82,"column":12},"end":{"line":82,"column":28}},"43":{"start":{"line":83,"column":12},"end":{"line":83,"column":28}},"44":{"start":{"line":84,"column":12},"end":{"line":84,"column":50}},"45":{"start":{"line":87,"column":8},"end":{"line":92,"column":11}},"46":{"start":{"line":88,"column":12},"end":{"line":88,"column":42}},"47":{"start":{"line":89,"column":12},"end":{"line":89,"column":28}},"48":{"start":{"line":90,"column":12},"end":{"line":90,"column":28}},"49":{"start":{"line":91,"column":12},"end":{"line":91,"column":44}}},"fnMap":{"0":{"name":"(anonymous_0)","decl":{"start":{"line":7,"column":21},"end":{"line":null,"column":-1}},"loc":{"start":{"line":7,"column":21},"end":{"line":97,"column":1}}},"1":{"name":"(anonymous_1)","decl":{"start":{"line":11,"column":24},"end":{"line":null,"column":-1}},"loc":{"start":{"line":11,"column":24},"end":{"line":29,"column":5}}},"2":{"name":"(anonymous_2)","decl":{"start":{"line":13,"column":59},"end":{"line":null,"column":-1}},"loc":{"start":{"line":13,"column":59},"end":{"line":17,"column":9}}},"3":{"name":"(anonymous_3)","decl":{"start":{"line":19,"column":58},"end":{"line":null,"column":-1}},"loc":{"start":{"line":19,"column":58},"end":{"line":28,"column":9}}},"4":{"name":"(anonymous_4)","decl":{"start":{"line":32,"column":23},"end":{"line":null,"column":-1}},"loc":{"start":{"line":32,"column":23},"end":{"line":45,"column":5}}},"5":{"name":"(anonymous_5)","decl":{"start":{"line":34,"column":72},"end":{"line":null,"column":-1}},"loc":{"start":{"line":34,"column":72},"end":{"line":37,"column":9}}},"6":{"name":"(anonymous_6)","decl":{"start":{"line":39,"column":64},"end":{"line":null,"column":-1}},"loc":{"start":{"line":39,"column":64},"end":{"line":43,"column":9}}},"7":{"name":"(anonymous_7)","decl":{"start":{"line":48,"column":27},"end":{"line":null,"column":-1}},"loc":{"start":{"line":48,"column":27},"end":{"line":61,"column":5}}},"8":{"name":"(anonymous_8)","decl":{"start":{"line":50,"column":53},"end":{"line":null,"column":-1}},"loc":{"start":{"line":50,"column":53},"end":{"line":53,"column":9}}},"9":{"name":"(anonymous_9)","decl":{"start":{"line":55,"column":58},"end":{"line":null,"column":-1}},"loc":{"start":{"line":55,"column":58},"end":{"line":59,"column":9}}},"10":{"name":"(anonymous_10)","decl":{"start":{"line":63,"column":24},"end":{"line":null,"column":-1}},"loc":{"start":{"line":63,"column":24},"end":{"line":76,"column":5}}},"11":{"name":"(anonymous_11)","decl":{"start":{"line":65,"column":50},"end":{"line":null,"column":-1}},"loc":{"start":{"line":65,"column":50},"end":{"line":68,"column":9}}},"12":{"name":"(anonymous_12)","decl":{"start":{"line":70,"column":54},"end":{"line":null,"column":-1}},"loc":{"start":{"line":70,"column":54},"end":{"line":74,"column":9}}},"13":{"name":"(anonymous_13)","decl":{"start":{"line":78,"column":25},"end":{"line":null,"column":-1}},"loc":{"start":{"line":78,"column":25},"end":{"line":94,"column":5}}},"14":{"name":"(anonymous_14)","decl":{"start":{"line":80,"column":57},"end":{"line":null,"column":-1}},"loc":{"start":{"line":80,"column":57},"end":{"line":85,"column":9}}},"15":{"name":"(anonymous_15)","decl":{"start":{"line":87,"column":59},"end":{"line":null,"column":-1}},"loc":{"start":{"line":87,"column":59},"end":{"line":92,"column":9}}}},"branchMap":{},"s":{"0":1,"1":1,"2":1,"3":1,"4":1,"5":1,"6":1,"7":1,"8":1,"9":1,"10":1,"11":1,"12":10,"13":10,"14":1,"15":1,"16":1,"17":1,"18":1,"19":1,"20":1,"21":1,"22":1,"23":1,"24":1,"25":1,"26":1,"27":1,"28":1,"29":1,"30":1,"31":1,"32":1,"33":1,"34":1,"35":1,"36":1,"37":1,"38":1,"39":1,"40":1,"41":1,"42":1,"43":1,"44":1,"45":1,"46":1,"47":1,"48":1,"49":1},"f":{"0":1,"1":1,"2":1,"3":1,"4":1,"5":1,"6":1,"7":1,"8":1,"9":1,"10":1,"11":1,"12":1,"13":1,"14":1,"15":1},"b":{}}
,"/home/travis/build/vandbt/typescript-datastructure/src/stack/index.ts": {"path":"/home/travis/build/vandbt/typescript-datastructure/src/stack/index.ts","statementMap":{"0":{"start":{"line":1,"column":0},"end":{"line":1,"column":36}},"1":{"start":{"line":9,"column":0},"end":{"line":58,"column":0}},"2":{"start":{"line":12,"column":4},"end":{"line":12,"column":35}},"3":{"start":{"line":15,"column":9},"end":{"line":17,"column":3}},"4":{"start":{"line":16,"column":4},"end":{"line":16,"column":22}},"5":{"start":{"line":19,"column":9},"end":{"line":21,"column":3}},"6":{"start":{"line":20,"column":4},"end":{"line":20,"column":31}},"7":{"start":{"line":23,"column":9},"end":{"line":26,"column":3}},"8":{"start":{"line":24,"column":18},"end":{"line":24,"column":41}},"9":{"start":{"line":25,"column":4},"end":{"line":25,"column":59}},"10":{"start":{"line":28,"column":9},"end":{"line":33,"column":3}},"11":{"start":{"line":29,"column":4},"end":{"line":31,"column":5}},"12":{"start":{"line":30,"column":6},"end":{"line":30,"column":44}},"13":{"start":{"line":32,"column":4},"end":{"line":32,"column":56}},"14":{"start":{"line":35,"column":9},"end":{"line":45,"column":3}},"15":{"start":{"line":36,"column":4},"end":{"line":38,"column":5}},"16":{"start":{"line":37,"column":6},"end":{"line":37,"column":44}},"17":{"start":{"line":40,"column":22},"end":{"line":40,"column":44}},"18":{"start":{"line":41,"column":21},"end":{"line":41,"column":32}},"19":{"start":{"line":42,"column":4},"end":{"line":42,"column":34}},"20":{"start":{"line":44,"column":4},"end":{"line":44,"column":20}},"21":{"start":{"line":47,"column":9},"end":{"line":50,"column":3}},"22":{"start":{"line":48,"column":4},"end":{"line":48,"column":27}},"23":{"start":{"line":49,"column":4},"end":{"line":49,"column":16}},"24":{"start":{"line":52,"column":9},"end":{"line":54,"column":3}},"25":{"start":{"line":53,"column":4},"end":{"line":53,"column":30}},"26":{"start":{"line":55,"column":9},"end":{"line":57,"column":3}},"27":{"start":{"line":56,"column":4},"end":{"line":56,"column":22}},"28":{"start":{"line":58,"column":0},"end":{"line":58,"column":1}},"29":{"start":{"line":60,"column":0},"end":{"line":60,"column":21}}},"fnMap":{"0":{"name":"(anonymous_0)","decl":{"start":{"line":9,"column":0},"end":{"line":null,"column":-1}},"loc":{"start":{"line":9,"column":0},"end":{"line":9,"column":-1}}},"1":{"name":"Stack","decl":{"start":{"line":11,"column":2},"end":{"line":null,"column":-1}},"loc":{"start":{"line":11,"column":2},"end":{"line":13,"column":3}}},"2":{"name":"(anonymous_2)","decl":{"start":{"line":15,"column":2},"end":{"line":null,"column":-1}},"loc":{"start":{"line":15,"column":2},"end":{"line":17,"column":3}}},"3":{"name":"(anonymous_3)","decl":{"start":{"line":19,"column":2},"end":{"line":null,"column":-1}},"loc":{"start":{"line":19,"column":2},"end":{"line":21,"column":3}}},"4":{"name":"(anonymous_4)","decl":{"start":{"line":23,"column":2},"end":{"line":23,"column":15}},"loc":{"start":{"line":23,"column":26},"end":{"line":26,"column":3}}},"5":{"name":"(anonymous_5)","decl":{"start":{"line":28,"column":2},"end":{"line":null,"column":-1}},"loc":{"start":{"line":28,"column":2},"end":{"line":33,"column":3}}},"6":{"name":"(anonymous_6)","decl":{"start":{"line":35,"column":2},"end":{"line":null,"column":-1}},"loc":{"start":{"line":35,"column":2},"end":{"line":45,"column":3}}},"7":{"name":"(anonymous_7)","decl":{"start":{"line":47,"column":2},"end":{"line":47,"column":13}},"loc":{"start":{"line":47,"column":24},"end":{"line":50,"column":3}}},"8":{"name":"(anonymous_8)","decl":{"start":{"line":52,"column":2},"end":{"line":null,"column":-1}},"loc":{"start":{"line":52,"column":2},"end":{"line":54,"column":3}}},"9":{"name":"(anonymous_9)","decl":{"start":{"line":55,"column":2},"end":{"line":null,"column":-1}},"loc":{"start":{"line":55,"column":2},"end":{"line":57,"column":3}}}},"branchMap":{"0":{"loc":{"start":{"line":25,"column":23},"end":{"line":25,"column":25}},"type":"cond-expr","locations":[{"start":{"line":25,"column":23},"end":{"line":25,"column":25}},{"start":{"line":25,"column":28},"end":{"line":25,"column":58}}]},"1":{"loc":{"start":{"line":29,"column":4},"end":{"line":31,"column":5}},"type":"if","locations":[{"start":{"line":29,"column":4},"end":{"line":31,"column":5}},{"start":{"line":29,"column":4},"end":{"line":31,"column":5}}]},"2":{"loc":{"start":{"line":36,"column":4},"end":{"line":38,"column":5}},"type":"if","locations":[{"start":{"line":36,"column":4},"end":{"line":38,"column":5}},{"start":{"line":36,"column":4},"end":{"line":38,"column":5}}]}},"s":{"0":1,"1":1,"2":10,"3":1,"4":2,"5":1,"6":7,"7":1,"8":0,"9":0,"10":1,"11":3,"12":0,"13":3,"14":1,"15":2,"16":0,"17":1,"18":1,"19":1,"20":1,"21":1,"22":16,"23":16,"24":1,"25":3,"26":1,"27":0,"28":1,"29":1},"f":{"0":1,"1":10,"2":2,"3":7,"4":0,"5":3,"6":2,"7":16,"8":3,"9":0},"b":{"0":[0,0],"1":[0,3],"2":[0,1]}}
,"/home/travis/build/vandbt/typescript-datastructure/src/test-indicator/index.ts": {"path":"/home/travis/build/vandbt/typescript-datastructure/src/test-indicator/index.ts","statementMap":{"0":{"start":{"line":2,"column":4},"end":{"line":2,"column":26}},"1":{"start":{"line":1,"column":0},"end":{"line":3,"column":3}},"2":{"start":{"line":5,"column":2},"end":{"line":5,"column":23}}},"fnMap":{"0":{"name":"hello","decl":{"start":{"line":1,"column":0},"end":{"line":null,"column":-1}},"loc":{"start":{"line":1,"column":0},"end":{"line":3,"column":3}}}},"branchMap":{},"s":{"0":1,"1":1,"2":1},"f":{"0":1},"b":{}}
,"/home/travis/build/vandbt/typescript-datastructure/src/test-indicator/starter.spec.ts": {"path":"/home/travis/build/vandbt/typescript-datastructure/src/test-indicator/starter.spec.ts","statementMap":{"0":{"start":{"line":1,"column":0},"end":{"line":1,"column":15}},"1":{"start":{"line":2,"column":0},"end":{"line":2,"column":29}},"2":{"start":{"line":4,"column":0},"end":{"line":4,"column":27}},"3":{"start":{"line":6,"column":0},"end":{"line":16,"column":3}},"4":{"start":{"line":7,"column":2},"end":{"line":9,"column":5}},"5":{"start":{"line":8,"column":4},"end":{"line":8,"column":38}},"6":{"start":{"line":11,"column":2},"end":{"line":15,"column":5}},"7":{"start":{"line":12,"column":4},"end":{"line":14,"column":18}},"8":{"start":{"line":13,"column":6},"end":{"line":13,"column":24}},"9":{"start":{"line":18,"column":0},"end":{"line":23,"column":3}},"10":{"start":{"line":19,"column":2},"end":{"line":22,"column":5}},"11":{"start":{"line":20,"column":19},"end":{"line":20,"column":26}},"12":{"start":{"line":21,"column":4},"end":{"line":21,"column":44}}},"fnMap":{"0":{"name":"(anonymous_0)","decl":{"start":{"line":6,"column":62},"end":{"line":null,"column":-1}},"loc":{"start":{"line":6,"column":62},"end":{"line":16,"column":1}}},"1":{"name":"(anonymous_1)","decl":{"start":{"line":7,"column":20},"end":{"line":null,"column":-1}},"loc":{"start":{"line":7,"column":20},"end":{"line":9,"column":3}}},"2":{"name":"(anonymous_2)","decl":{"start":{"line":11,"column":21},"end":{"line":null,"column":-1}},"loc":{"start":{"line":11,"column":21},"end":{"line":15,"column":3}}},"3":{"name":"(anonymous_3)","decl":{"start":{"line":12,"column":11},"end":{"line":null,"column":-1}},"loc":{"start":{"line":12,"column":11},"end":{"line":14,"column":5}}},"4":{"name":"(anonymous_4)","decl":{"start":{"line":18,"column":63},"end":{"line":null,"column":-1}},"loc":{"start":{"line":18,"column":63},"end":{"line":23,"column":1}}},"5":{"name":"(anonymous_5)","decl":{"start":{"line":19,"column":34},"end":{"line":null,"column":-1}},"loc":{"start":{"line":19,"column":34},"end":{"line":22,"column":3}}}},"branchMap":{},"s":{"0":1,"1":1,"2":1,"3":1,"4":1,"5":1,"6":1,"7":1,"8":1,"9":1,"10":1,"11":1,"12":1},"f":{"0":1,"1":1,"2":1,"3":1,"4":1,"5":1},"b":{}}
}
